<?xml version="1.0" encoding="UTF-8"?>
<!-- Generated by org.testng.reporters.JUnitXMLReporter -->
<testsuite ignored="0" hostname="SARAVANANR" failures="1" tests="1" name="TestDemo1(failed)" time="12.363" errors="0" timestamp="2022-01-21T16:51:58 IST">
  <testcase classname="TestNGDemo.TestNGDAY1" name="TS001" time="4.95">
    <failure type="java.lang.AssertionError" message="expected [Saravanan] but found [Sam]">
      <![CDATA[java.lang.AssertionError: expected [Saravanan] but found [Sam]
at TestNGDemo.TestNGDAY1.TS001(TestNGDAY1.java:40)
at java.base/java.util.ArrayList.forEach(ArrayList.java:1541)
... Removed 32 stack frames]]>
    </failure>
  </testcase> <!-- TS001 -->
</testsuite> <!-- TestDemo1(failed) -->
